<?xml version="1.0" encoding="UTF-8"?>
<coverage generated="1746618381146" clover="3.2.0">
  <project timestamp="1746618381146" name="All files">
    <metrics statements="49" coveredstatements="30" conditionals="38" coveredconditionals="23" methods="12" coveredmethods="7" elements="99" coveredelements="60" complexity="0" loc="49" ncloc="49" packages="1" files="2" classes="2"/>
    <file name="gameboard.js" path="/home/phil/repos/Battleship/src/js/gameboard.js">
      <metrics statements="40" coveredstatements="26" conditionals="36" coveredconditionals="23" methods="8" coveredmethods="5"/>
      <line num="3" count="30" type="stmt"/>
      <line num="4" count="3" type="stmt"/>
      <line num="9" count="3" type="stmt"/>
      <line num="11" count="3" type="cond" truecount="1" falsecount="1"/>
      <line num="12" count="0" type="stmt"/>
      <line num="14" count="3" type="cond" truecount="1" falsecount="1"/>
      <line num="15" count="0" type="stmt"/>
      <line num="18" count="3" type="cond" truecount="2" falsecount="0"/>
      <line num="19" count="2" type="stmt"/>
      <line num="20" count="6" type="stmt"/>
      <line num="22" count="1" type="cond" truecount="1" falsecount="1"/>
      <line num="23" count="1" type="stmt"/>
      <line num="24" count="2" type="stmt"/>
      <line num="27" count="3" type="stmt"/>
      <line num="31" count="9" type="stmt"/>
      <line num="33" count="9" type="cond" truecount="4" falsecount="0"/>
      <line num="34" count="2" type="stmt"/>
      <line num="37" count="7" type="cond" truecount="4" falsecount="0"/>
      <line num="38" count="6" type="cond" truecount="4" falsecount="0"/>
      <line num="40" count="5" type="stmt"/>
      <line num="44" count="3" type="stmt"/>
      <line num="46" count="3" type="cond" truecount="2" falsecount="0"/>
      <line num="47" count="2" type="stmt"/>
      <line num="48" count="6" type="cond" truecount="1" falsecount="1"/>
      <line num="49" count="0" type="stmt"/>
      <line num="53" count="3" type="cond" truecount="2" falsecount="0"/>
      <line num="54" count="1" type="stmt"/>
      <line num="55" count="2" type="cond" truecount="1" falsecount="1"/>
      <line num="56" count="0" type="stmt"/>
      <line num="60" count="3" type="stmt"/>
      <line num="65" count="0" type="stmt"/>
      <line num="67" count="0" type="cond" truecount="0" falsecount="2"/>
      <line num="68" count="0" type="stmt"/>
      <line num="70" count="0" type="cond" truecount="0" falsecount="4"/>
      <line num="71" count="0" type="cond" truecount="0" falsecount="2"/>
      <line num="72" count="0" type="stmt"/>
      <line num="73" count="0" type="stmt"/>
      <line num="75" count="0" type="stmt"/>
      <line num="78" count="0" type="stmt"/>
      <line num="83" count="0" type="stmt"/>
    </file>
    <file name="shipFactory.js" path="/home/phil/repos/Battleship/src/js/shipFactory.js">
      <metrics statements="9" coveredstatements="4" conditionals="2" coveredconditionals="0" methods="4" coveredmethods="2"/>
      <line num="3" count="4" type="stmt"/>
      <line num="4" count="4" type="stmt"/>
      <line num="5" count="4" type="stmt"/>
      <line num="9" count="0" type="stmt"/>
      <line num="10" count="0" type="stmt"/>
      <line num="14" count="0" type="cond" truecount="0" falsecount="2"/>
      <line num="15" count="0" type="stmt"/>
      <line num="17" count="0" type="stmt"/>
      <line num="21" count="15" type="stmt"/>
    </file>
  </project>
</coverage>
