{"/home/phil/repos/Battleship/src/js/gameboard.js": {"path":"/home/phil/repos/Battleship/src/js/gameboard.js","statementMap":{"0":{"start":{"line":3,"column":4},"end":{"line":3,"column":78}},"1":{"start":{"line":3,"column":52},"end":{"line":3,"column":76}},"2":{"start":{"line":4,"column":4},"end":{"line":4,"column":20}},"3":{"start":{"line":9,"column":17},"end":{"line":9,"column":34}},"4":{"start":{"line":11,"column":4},"end":{"line":13,"column":5}},"5":{"start":{"line":12,"column":6},"end":{"line":12,"column":48}},"6":{"start":{"line":14,"column":4},"end":{"line":16,"column":5}},"7":{"start":{"line":15,"column":6},"end":{"line":15,"column":63}},"8":{"start":{"line":18,"column":4},"end":{"line":26,"column":5}},"9":{"start":{"line":19,"column":6},"end":{"line":21,"column":7}},"10":{"start":{"line":19,"column":19},"end":{"line":19,"column":20}},"11":{"start":{"line":20,"column":8},"end":{"line":20,"column":75}},"12":{"start":{"line":22,"column":11},"end":{"line":26,"column":5}},"13":{"start":{"line":23,"column":6},"end":{"line":25,"column":7}},"14":{"start":{"line":23,"column":19},"end":{"line":23,"column":20}},"15":{"start":{"line":24,"column":8},"end":{"line":24,"column":75}},"16":{"start":{"line":27,"column":4},"end":{"line":27,"column":26}},"17":{"start":{"line":31,"column":17},"end":{"line":31,"column":34}},"18":{"start":{"line":33,"column":4},"end":{"line":35,"column":5}},"19":{"start":{"line":34,"column":6},"end":{"line":34,"column":19}},"20":{"start":{"line":37,"column":4},"end":{"line":37,"column":78}},"21":{"start":{"line":37,"column":65},"end":{"line":37,"column":78}},"22":{"start":{"line":38,"column":4},"end":{"line":38,"column":76}},"23":{"start":{"line":38,"column":63},"end":{"line":38,"column":76}},"24":{"start":{"line":40,"column":4},"end":{"line":40,"column":16}},"25":{"start":{"line":44,"column":17},"end":{"line":44,"column":34}},"26":{"start":{"line":46,"column":4},"end":{"line":52,"column":5}},"27":{"start":{"line":47,"column":6},"end":{"line":51,"column":7}},"28":{"start":{"line":47,"column":19},"end":{"line":47,"column":20}},"29":{"start":{"line":48,"column":8},"end":{"line":50,"column":9}},"30":{"start":{"line":49,"column":10},"end":{"line":49,"column":23}},"31":{"start":{"line":53,"column":4},"end":{"line":59,"column":5}},"32":{"start":{"line":54,"column":6},"end":{"line":58,"column":7}},"33":{"start":{"line":54,"column":19},"end":{"line":54,"column":20}},"34":{"start":{"line":55,"column":8},"end":{"line":57,"column":9}},"35":{"start":{"line":56,"column":10},"end":{"line":56,"column":23}},"36":{"start":{"line":60,"column":4},"end":{"line":60,"column":16}},"37":{"start":{"line":65,"column":16},"end":{"line":65,"column":36}},"38":{"start":{"line":67,"column":4},"end":{"line":69,"column":5}},"39":{"start":{"line":68,"column":6},"end":{"line":68,"column":13}},"40":{"start":{"line":70,"column":4},"end":{"line":76,"column":5}},"41":{"start":{"line":71,"column":6},"end":{"line":74,"column":7}},"42":{"start":{"line":72,"column":8},"end":{"line":72,"column":25}},"43":{"start":{"line":73,"column":8},"end":{"line":73,"column":28}},"44":{"start":{"line":75,"column":6},"end":{"line":75,"column":13}},"45":{"start":{"line":78,"column":4},"end":{"line":78,"column":34}},"46":{"start":{"line":83,"column":4},"end":{"line":83,"column":46}},"47":{"start":{"line":83,"column":31},"end":{"line":83,"column":44}}},"fnMap":{"0":{"name":"(anonymous_0)","decl":{"start":{"line":2,"column":2},"end":{"line":2,"column":3}},"loc":{"start":{"line":2,"column":16},"end":{"line":5,"column":3}},"line":2},"1":{"name":"(anonymous_1)","decl":{"start":{"line":3,"column":46},"end":{"line":3,"column":47}},"loc":{"start":{"line":3,"column":52},"end":{"line":3,"column":76}},"line":3},"2":{"name":"(anonymous_2)","decl":{"start":{"line":8,"column":2},"end":{"line":8,"column":3}},"loc":{"start":{"line":8,"column":51},"end":{"line":28,"column":3}},"line":8},"3":{"name":"(anonymous_3)","decl":{"start":{"line":30,"column":2},"end":{"line":30,"column":3}},"loc":{"start":{"line":30,"column":50},"end":{"line":41,"column":3}},"line":30},"4":{"name":"(anonymous_4)","decl":{"start":{"line":43,"column":2},"end":{"line":43,"column":3}},"loc":{"start":{"line":43,"column":56},"end":{"line":61,"column":3}},"line":43},"5":{"name":"(anonymous_5)","decl":{"start":{"line":64,"column":2},"end":{"line":64,"column":3}},"loc":{"start":{"line":64,"column":28},"end":{"line":79,"column":3}},"line":64},"6":{"name":"(anonymous_6)","decl":{"start":{"line":82,"column":2},"end":{"line":82,"column":3}},"loc":{"start":{"line":82,"column":13},"end":{"line":84,"column":3}},"line":82},"7":{"name":"(anonymous_7)","decl":{"start":{"line":83,"column":21},"end":{"line":83,"column":22}},"loc":{"start":{"line":83,"column":31},"end":{"line":83,"column":44}},"line":83}},"branchMap":{"0":{"loc":{"start":{"line":11,"column":4},"end":{"line":13,"column":5}},"type":"if","locations":[{"start":{"line":11,"column":4},"end":{"line":13,"column":5}},{"start":{},"end":{}}],"line":11},"1":{"loc":{"start":{"line":14,"column":4},"end":{"line":16,"column":5}},"type":"if","locations":[{"start":{"line":14,"column":4},"end":{"line":16,"column":5}},{"start":{},"end":{}}],"line":14},"2":{"loc":{"start":{"line":18,"column":4},"end":{"line":26,"column":5}},"type":"if","locations":[{"start":{"line":18,"column":4},"end":{"line":26,"column":5}},{"start":{"line":22,"column":11},"end":{"line":26,"column":5}}],"line":18},"3":{"loc":{"start":{"line":22,"column":11},"end":{"line":26,"column":5}},"type":"if","locations":[{"start":{"line":22,"column":11},"end":{"line":26,"column":5}},{"start":{},"end":{}}],"line":22},"4":{"loc":{"start":{"line":33,"column":4},"end":{"line":35,"column":5}},"type":"if","locations":[{"start":{"line":33,"column":4},"end":{"line":35,"column":5}},{"start":{},"end":{}}],"line":33},"5":{"loc":{"start":{"line":33,"column":8},"end":{"line":33,"column":36}},"type":"binary-expr","locations":[{"start":{"line":33,"column":8},"end":{"line":33,"column":20}},{"start":{"line":33,"column":24},"end":{"line":33,"column":36}}],"line":33},"6":{"loc":{"start":{"line":37,"column":4},"end":{"line":37,"column":78}},"type":"if","locations":[{"start":{"line":37,"column":4},"end":{"line":37,"column":78}},{"start":{},"end":{}}],"line":37},"7":{"loc":{"start":{"line":37,"column":8},"end":{"line":37,"column":63}},"type":"binary-expr","locations":[{"start":{"line":37,"column":8},"end":{"line":37,"column":34}},{"start":{"line":37,"column":38},"end":{"line":37,"column":63}}],"line":37},"8":{"loc":{"start":{"line":38,"column":4},"end":{"line":38,"column":76}},"type":"if","locations":[{"start":{"line":38,"column":4},"end":{"line":38,"column":76}},{"start":{},"end":{}}],"line":38},"9":{"loc":{"start":{"line":38,"column":8},"end":{"line":38,"column":61}},"type":"binary-expr","locations":[{"start":{"line":38,"column":8},"end":{"line":38,"column":32}},{"start":{"line":38,"column":36},"end":{"line":38,"column":61}}],"line":38},"10":{"loc":{"start":{"line":46,"column":4},"end":{"line":52,"column":5}},"type":"if","locations":[{"start":{"line":46,"column":4},"end":{"line":52,"column":5}},{"start":{},"end":{}}],"line":46},"11":{"loc":{"start":{"line":48,"column":8},"end":{"line":50,"column":9}},"type":"if","locations":[{"start":{"line":48,"column":8},"end":{"line":50,"column":9}},{"start":{},"end":{}}],"line":48},"12":{"loc":{"start":{"line":53,"column":4},"end":{"line":59,"column":5}},"type":"if","locations":[{"start":{"line":53,"column":4},"end":{"line":59,"column":5}},{"start":{},"end":{}}],"line":53},"13":{"loc":{"start":{"line":55,"column":8},"end":{"line":57,"column":9}},"type":"if","locations":[{"start":{"line":55,"column":8},"end":{"line":57,"column":9}},{"start":{},"end":{}}],"line":55},"14":{"loc":{"start":{"line":67,"column":4},"end":{"line":69,"column":5}},"type":"if","locations":[{"start":{"line":67,"column":4},"end":{"line":69,"column":5}},{"start":{},"end":{}}],"line":67},"15":{"loc":{"start":{"line":70,"column":4},"end":{"line":76,"column":5}},"type":"if","locations":[{"start":{"line":70,"column":4},"end":{"line":76,"column":5}},{"start":{},"end":{}}],"line":70},"16":{"loc":{"start":{"line":70,"column":8},"end":{"line":70,"column":30}},"type":"binary-expr","locations":[{"start":{"line":70,"column":8},"end":{"line":70,"column":13}},{"start":{"line":70,"column":17},"end":{"line":70,"column":30}}],"line":70},"17":{"loc":{"start":{"line":71,"column":6},"end":{"line":74,"column":7}},"type":"if","locations":[{"start":{"line":71,"column":6},"end":{"line":74,"column":7}},{"start":{},"end":{}}],"line":71}},"s":{"0":3,"1":30,"2":3,"3":3,"4":3,"5":0,"6":3,"7":0,"8":3,"9":2,"10":2,"11":6,"12":1,"13":1,"14":1,"15":2,"16":3,"17":9,"18":9,"19":2,"20":7,"21":1,"22":6,"23":1,"24":5,"25":3,"26":3,"27":2,"28":2,"29":6,"30":0,"31":3,"32":1,"33":1,"34":2,"35":0,"36":3,"37":0,"38":0,"39":0,"40":0,"41":0,"42":0,"43":0,"44":0,"45":0,"46":0,"47":0},"f":{"0":3,"1":30,"2":3,"3":9,"4":3,"5":0,"6":0,"7":0},"b":{"0":[0,3],"1":[0,3],"2":[2,1],"3":[1,0],"4":[2,7],"5":[9,8],"6":[1,6],"7":[7,4],"8":[1,5],"9":[6,3],"10":[2,1],"11":[0,6],"12":[1,2],"13":[0,2],"14":[0,0],"15":[0,0],"16":[0,0],"17":[0,0]},"_coverageSchema":"1a1c01bbd47fc00a2c39e90264f33305004495a9","hash":"d132060e3f99f9d45ee188a306e426b54c98fd4a"}
,"/home/phil/repos/Battleship/src/js/shipFactory.js": {"path":"/home/phil/repos/Battleship/src/js/shipFactory.js","statementMap":{"0":{"start":{"line":3,"column":4},"end":{"line":3,"column":25}},"1":{"start":{"line":4,"column":4},"end":{"line":4,"column":22}},"2":{"start":{"line":5,"column":4},"end":{"line":5,"column":22}},"3":{"start":{"line":9,"column":4},"end":{"line":9,"column":23}},"4":{"start":{"line":10,"column":4},"end":{"line":10,"column":25}},"5":{"start":{"line":14,"column":4},"end":{"line":16,"column":5}},"6":{"start":{"line":15,"column":6},"end":{"line":15,"column":23}},"7":{"start":{"line":17,"column":4},"end":{"line":17,"column":21}},"8":{"start":{"line":21,"column":4},"end":{"line":21,"column":23}}},"fnMap":{"0":{"name":"(anonymous_0)","decl":{"start":{"line":2,"column":2},"end":{"line":2,"column":3}},"loc":{"start":{"line":2,"column":22},"end":{"line":6,"column":3}},"line":2},"1":{"name":"(anonymous_1)","decl":{"start":{"line":8,"column":2},"end":{"line":8,"column":3}},"loc":{"start":{"line":8,"column":8},"end":{"line":11,"column":3}},"line":8},"2":{"name":"(anonymous_2)","decl":{"start":{"line":13,"column":2},"end":{"line":13,"column":3}},"loc":{"start":{"line":13,"column":11},"end":{"line":18,"column":3}},"line":13},"3":{"name":"(anonymous_3)","decl":{"start":{"line":20,"column":2},"end":{"line":20,"column":3}},"loc":{"start":{"line":20,"column":15},"end":{"line":22,"column":3}},"line":20}},"branchMap":{"0":{"loc":{"start":{"line":14,"column":4},"end":{"line":16,"column":5}},"type":"if","locations":[{"start":{"line":14,"column":4},"end":{"line":16,"column":5}},{"start":{},"end":{}}],"line":14}},"s":{"0":4,"1":4,"2":4,"3":0,"4":0,"5":0,"6":0,"7":0,"8":15},"f":{"0":4,"1":0,"2":0,"3":15},"b":{"0":[0,0]},"_coverageSchema":"1a1c01bbd47fc00a2c39e90264f33305004495a9","hash":"84941ab0ddbfa5c461274bc5bfe64d9152f0a1b9"}
}
