TN:
SF:src/js/gameboard.js
FN:2,(anonymous_0)
FN:3,(anonymous_1)
FN:8,(anonymous_2)
FN:30,(anonymous_3)
FN:43,(anonymous_4)
FN:64,(anonymous_5)
FN:82,(anonymous_6)
FN:83,(anonymous_7)
FNF:8
FNH:5
FNDA:3,(anonymous_0)
FNDA:30,(anonymous_1)
FNDA:3,(anonymous_2)
FNDA:9,(anonymous_3)
FNDA:3,(anonymous_4)
FNDA:0,(anonymous_5)
FNDA:0,(anonymous_6)
FNDA:0,(anonymous_7)
DA:3,30
DA:4,3
DA:9,3
DA:11,3
DA:12,0
DA:14,3
DA:15,0
DA:18,3
DA:19,2
DA:20,6
DA:22,1
DA:23,1
DA:24,2
DA:27,3
DA:31,9
DA:33,9
DA:34,2
DA:37,7
DA:38,6
DA:40,5
DA:44,3
DA:46,3
DA:47,2
DA:48,6
DA:49,0
DA:53,3
DA:54,1
DA:55,2
DA:56,0
DA:60,3
DA:65,0
DA:67,0
DA:68,0
DA:70,0
DA:71,0
DA:72,0
DA:73,0
DA:75,0
DA:78,0
DA:83,0
LF:40
LH:26
BRDA:11,0,0,0
BRDA:11,0,1,3
BRDA:14,1,0,0
BRDA:14,1,1,3
BRDA:18,2,0,2
BRDA:18,2,1,1
BRDA:22,3,0,1
BRDA:22,3,1,0
BRDA:33,4,0,2
BRDA:33,4,1,7
BRDA:33,5,0,9
BRDA:33,5,1,8
BRDA:37,6,0,1
BRDA:37,6,1,6
BRDA:37,7,0,7
BRDA:37,7,1,4
BRDA:38,8,0,1
BRDA:38,8,1,5
BRDA:38,9,0,6
BRDA:38,9,1,3
BRDA:46,10,0,2
BRDA:46,10,1,1
BRDA:48,11,0,0
BRDA:48,11,1,6
BRDA:53,12,0,1
BRDA:53,12,1,2
BRDA:55,13,0,0
BRDA:55,13,1,2
BRDA:67,14,0,0
BRDA:67,14,1,0
BRDA:70,15,0,0
BRDA:70,15,1,0
BRDA:70,16,0,0
BRDA:70,16,1,0
BRDA:71,17,0,0
BRDA:71,17,1,0
BRF:36
BRH:23
end_of_record
TN:
SF:src/js/shipFactory.js
FN:2,(anonymous_0)
FN:8,(anonymous_1)
FN:13,(anonymous_2)
FN:20,(anonymous_3)
FNF:4
FNH:2
FNDA:4,(anonymous_0)
FNDA:0,(anonymous_1)
FNDA:0,(anonymous_2)
FNDA:15,(anonymous_3)
DA:3,4
DA:4,4
DA:5,4
DA:9,0
DA:10,0
DA:14,0
DA:15,0
DA:17,0
DA:21,15
LF:9
LH:4
BRDA:14,0,0,0
BRDA:14,0,1,0
BRF:2
BRH:0
end_of_record
